<?xml version="1.0" encoding="UTF-8"?>
<testng-results ignored="6" total="12" passed="6" failed="0" skipped="0">
  <reporter-output>
  </reporter-output>
  <suite started-at="2025-09-23T09:21:07 IST" name="Regression Test Suite" finished-at="2025-09-23T09:21:52 IST" duration-ms="44739">
    <groups>
    </groups>
    <test started-at="2025-09-23T09:21:07 IST" name="Regression Test" finished-at="2025-09-23T09:21:52 IST" duration-ms="44739">
      <class name="test.MxPlayerHomepageTest">
        <test-method is-config="true" signature="before()[pri:0, instance:test.MxPlayerHomepageTest@d35dea7]" started-at="2025-09-23T09:21:21 IST" name="before" finished-at="2025-09-23T09:21:24 IST" duration-ms="2547" status="PASS">
          <reporter-output>
          </reporter-output>
        </test-method> <!-- before -->
        <test-method signature="verifyMXPlayerHomepage()[pri:1, instance:test.MxPlayerHomepageTest@d35dea7]" started-at="2025-09-23T09:21:24 IST" name="verifyMXPlayerHomepage" finished-at="2025-09-23T09:21:29 IST" duration-ms="5044" status="PASS">
          <reporter-output>
          </reporter-output>
        </test-method> <!-- verifyMXPlayerHomepage -->
        <test-method is-config="true" signature="after(org.testng.ITestResult)[pri:0, instance:test.MxPlayerHomepageTest@d35dea7]" started-at="2025-09-23T09:21:29 IST" name="after" finished-at="2025-09-23T09:21:29 IST" duration-ms="211" status="PASS">
          <params>
            <param index="0">
              <value>
                <![CDATA[[TestResult name=verifyMXPlayerHomepage status=SUCCESS method=MxPlayerHomepageTest.verifyMXPlayerHomepage()[pri:1, instance:test.MxPlayerHomepageTest@d35dea7] output={null}]]]>
              </value>
            </param>
          </params>
          <reporter-output>
          </reporter-output>
        </test-method> <!-- after -->
        <test-method is-config="true" signature="before()[pri:0, instance:test.MxPlayerHomepageTest@d35dea7]" started-at="2025-09-23T09:21:29 IST" name="before" finished-at="2025-09-23T09:21:34 IST" duration-ms="5698" status="PASS">
          <reporter-output>
          </reporter-output>
        </test-method> <!-- before -->
        <test-method signature="verifyLinks()[pri:2, instance:test.MxPlayerHomepageTest@d35dea7]" started-at="2025-09-23T09:21:34 IST" name="verifyLinks" finished-at="2025-09-23T09:21:38 IST" duration-ms="3626" status="PASS">
          <reporter-output>
          </reporter-output>
        </test-method> <!-- verifyLinks -->
        <test-method is-config="true" signature="after(org.testng.ITestResult)[pri:0, instance:test.MxPlayerHomepageTest@d35dea7]" started-at="2025-09-23T09:21:38 IST" name="after" finished-at="2025-09-23T09:21:38 IST" duration-ms="302" status="PASS">
          <params>
            <param index="0">
              <value>
                <![CDATA[[TestResult name=verifyLinks status=SUCCESS method=MxPlayerHomepageTest.verifyLinks()[pri:2, instance:test.MxPlayerHomepageTest@d35dea7] output={null}]]]>
              </value>
            </param>
          </params>
          <reporter-output>
          </reporter-output>
        </test-method> <!-- after -->
      </class> <!-- test.MxPlayerHomepageTest -->
      <class name="test.SearchProductTest">
        <test-method is-config="true" signature="before()[pri:0, instance:test.SearchProductTest@247bddad]" started-at="2025-09-23T09:21:13 IST" name="before" finished-at="2025-09-23T09:21:18 IST" duration-ms="5157" status="PASS">
          <reporter-output>
          </reporter-output>
        </test-method> <!-- before -->
        <test-method signature="searchProductAndVerifyFirstLink()[pri:0, instance:test.SearchProductTest@247bddad]" started-at="2025-09-23T09:21:18 IST" name="searchProductAndVerifyFirstLink" finished-at="2025-09-23T09:21:21 IST" duration-ms="2607" status="PASS">
          <reporter-output>
          </reporter-output>
        </test-method> <!-- searchProductAndVerifyFirstLink -->
        <test-method is-config="true" signature="after(org.testng.ITestResult)[pri:0, instance:test.SearchProductTest@247bddad]" started-at="2025-09-23T09:21:21 IST" name="after" finished-at="2025-09-23T09:21:21 IST" duration-ms="273" status="PASS">
          <params>
            <param index="0">
              <value>
                <![CDATA[[TestResult name=searchProductAndVerifyFirstLink status=SUCCESS method=SearchProductTest.searchProductAndVerifyFirstLink()[pri:0, instance:test.SearchProductTest@247bddad] output={null}]]]>
              </value>
            </param>
          </params>
          <reporter-output>
          </reporter-output>
        </test-method> <!-- after -->
      </class> <!-- test.SearchProductTest -->
      <class name="test.HomepageTest">
        <test-method is-config="true" signature="beforeTest()[pri:0, instance:test.HomepageTest@510f3d34]" started-at="2025-09-23T09:21:07 IST" name="beforeTest" finished-at="2025-09-23T09:21:07 IST" duration-ms="16" status="PASS">
          <reporter-output>
          </reporter-output>
        </test-method> <!-- beforeTest -->
        <test-method is-config="true" signature="before()[pri:0, instance:test.HomepageTest@510f3d34]" started-at="2025-09-23T09:21:07 IST" name="before" finished-at="2025-09-23T09:21:10 IST" duration-ms="3164" status="PASS">
          <reporter-output>
          </reporter-output>
        </test-method> <!-- before -->
        <test-method signature="verifyHomePage()[pri:0, instance:test.HomepageTest@510f3d34]" started-at="2025-09-23T09:21:10 IST" name="verifyHomePage" finished-at="2025-09-23T09:21:13 IST" duration-ms="2269" status="PASS">
          <reporter-output>
          </reporter-output>
        </test-method> <!-- verifyHomePage -->
        <test-method is-config="true" signature="after(org.testng.ITestResult)[pri:0, instance:test.HomepageTest@510f3d34]" started-at="2025-09-23T09:21:13 IST" name="after" finished-at="2025-09-23T09:21:13 IST" duration-ms="258" status="PASS">
          <params>
            <param index="0">
              <value>
                <![CDATA[[TestResult name=verifyHomePage status=SUCCESS method=HomepageTest.verifyHomePage()[pri:0, instance:test.HomepageTest@510f3d34] output={null}]]]>
              </value>
            </param>
          </params>
          <reporter-output>
          </reporter-output>
        </test-method> <!-- after -->
        <test-method is-config="true" signature="afterTest()[pri:0, instance:test.HomepageTest@510f3d34]" started-at="2025-09-23T09:21:52 IST" name="afterTest" finished-at="2025-09-23T09:21:52 IST" duration-ms="2" status="PASS">
          <reporter-output>
          </reporter-output>
        </test-method> <!-- afterTest -->
      </class> <!-- test.HomepageTest -->
      <class name="test.SignInPageTest">
        <test-method is-config="true" signature="before()[pri:0, instance:test.SignInPageTest@7770f470]" started-at="2025-09-23T09:21:38 IST" name="before" finished-at="2025-09-23T09:21:41 IST" duration-ms="2585" status="PASS">
          <reporter-output>
          </reporter-output>
        </test-method> <!-- before -->
        <test-method signature="verifySignInPage()[pri:1, instance:test.SignInPageTest@7770f470]" started-at="2025-09-23T09:21:41 IST" name="verifySignInPage" finished-at="2025-09-23T09:21:45 IST" duration-ms="3898" status="PASS">
          <reporter-output>
          </reporter-output>
        </test-method> <!-- verifySignInPage -->
        <test-method is-config="true" signature="after(org.testng.ITestResult)[pri:0, instance:test.SignInPageTest@7770f470]" started-at="2025-09-23T09:21:45 IST" name="after" finished-at="2025-09-23T09:21:45 IST" duration-ms="220" status="PASS">
          <params>
            <param index="0">
              <value>
                <![CDATA[[TestResult name=verifySignInPage status=SUCCESS method=SignInPageTest.verifySignInPage()[pri:1, instance:test.SignInPageTest@7770f470] output={null}]]]>
              </value>
            </param>
          </params>
          <reporter-output>
          </reporter-output>
        </test-method> <!-- after -->
        <test-method is-config="true" signature="before()[pri:0, instance:test.SignInPageTest@7770f470]" started-at="2025-09-23T09:21:45 IST" name="before" finished-at="2025-09-23T09:21:49 IST" duration-ms="4239" status="PASS">
          <reporter-output>
          </reporter-output>
        </test-method> <!-- before -->
        <test-method signature="verifySignInFields()[pri:2, instance:test.SignInPageTest@7770f470]" started-at="2025-09-23T09:21:49 IST" name="verifySignInFields" finished-at="2025-09-23T09:21:52 IST" duration-ms="2328" status="PASS">
          <reporter-output>
          </reporter-output>
        </test-method> <!-- verifySignInFields -->
        <test-method is-config="true" signature="after(org.testng.ITestResult)[pri:0, instance:test.SignInPageTest@7770f470]" started-at="2025-09-23T09:21:52 IST" name="after" finished-at="2025-09-23T09:21:52 IST" duration-ms="250" status="PASS">
          <params>
            <param index="0">
              <value>
                <![CDATA[[TestResult name=verifySignInFields status=SUCCESS method=SignInPageTest.verifySignInFields()[pri:2, instance:test.SignInPageTest@7770f470] output={null}]]]>
              </value>
            </param>
          </params>
          <reporter-output>
          </reporter-output>
        </test-method> <!-- after -->
      </class> <!-- test.SignInPageTest -->
    </test> <!-- Regression Test -->
  </suite> <!-- Regression Test Suite -->
</testng-results>
