<?xml version="1.0" encoding="UTF-8"?>
<testng-results ignored="6" total="12" passed="6" failed="0" skipped="0">
  <reporter-output>
  </reporter-output>
  <suite started-at="2025-08-26T08:56:28 IST" name="Regression Test Suite" finished-at="2025-08-26T08:57:11 IST" duration-ms="42283">
    <groups>
    </groups>
    <test started-at="2025-08-26T08:56:28 IST" name="Regression Test" finished-at="2025-08-26T08:57:11 IST" duration-ms="42283">
      <class name="test.MxPlayerHomepageTest">
        <test-method is-config="true" signature="before()[pri:0, instance:test.MxPlayerHomepageTest@d35dea7]" started-at="2025-08-26T08:56:42 IST" name="before" finished-at="2025-08-26T08:56:45 IST" duration-ms="2596" status="PASS">
          <reporter-output>
          </reporter-output>
        </test-method> <!-- before -->
        <test-method signature="verifyMXPlayerHomepage()[pri:1, instance:test.MxPlayerHomepageTest@d35dea7]" started-at="2025-08-26T08:56:45 IST" name="verifyMXPlayerHomepage" finished-at="2025-08-26T08:56:50 IST" duration-ms="5217" status="PASS">
          <reporter-output>
          </reporter-output>
        </test-method> <!-- verifyMXPlayerHomepage -->
        <test-method is-config="true" signature="after(org.testng.ITestResult)[pri:0, instance:test.MxPlayerHomepageTest@d35dea7]" started-at="2025-08-26T08:56:50 IST" name="after" finished-at="2025-08-26T08:56:50 IST" duration-ms="216" status="PASS">
          <params>
            <param index="0">
              <value>
                <![CDATA[[TestResult name=verifyMXPlayerHomepage status=SUCCESS method=MxPlayerHomepageTest.verifyMXPlayerHomepage()[pri:1, instance:test.MxPlayerHomepageTest@d35dea7] output={null}]]]>
              </value>
            </param>
          </params>
          <reporter-output>
          </reporter-output>
        </test-method> <!-- after -->
        <test-method is-config="true" signature="before()[pri:0, instance:test.MxPlayerHomepageTest@d35dea7]" started-at="2025-08-26T08:56:50 IST" name="before" finished-at="2025-08-26T08:56:55 IST" duration-ms="4227" status="PASS">
          <reporter-output>
          </reporter-output>
        </test-method> <!-- before -->
        <test-method signature="verifyLinks()[pri:2, instance:test.MxPlayerHomepageTest@d35dea7]" started-at="2025-08-26T08:56:55 IST" name="verifyLinks" finished-at="2025-08-26T08:56:58 IST" duration-ms="3733" status="PASS">
          <reporter-output>
          </reporter-output>
        </test-method> <!-- verifyLinks -->
        <test-method is-config="true" signature="after(org.testng.ITestResult)[pri:0, instance:test.MxPlayerHomepageTest@d35dea7]" started-at="2025-08-26T08:56:58 IST" name="after" finished-at="2025-08-26T08:56:58 IST" duration-ms="201" status="PASS">
          <params>
            <param index="0">
              <value>
                <![CDATA[[TestResult name=verifyLinks status=SUCCESS method=MxPlayerHomepageTest.verifyLinks()[pri:2, instance:test.MxPlayerHomepageTest@d35dea7] output={null}]]]>
              </value>
            </param>
          </params>
          <reporter-output>
          </reporter-output>
        </test-method> <!-- after -->
      </class> <!-- test.MxPlayerHomepageTest -->
      <class name="test.SearchProductTest">
        <test-method is-config="true" signature="before()[pri:0, instance:test.SearchProductTest@247bddad]" started-at="2025-08-26T08:56:34 IST" name="before" finished-at="2025-08-26T08:56:37 IST" duration-ms="3188" status="PASS">
          <reporter-output>
          </reporter-output>
        </test-method> <!-- before -->
        <test-method signature="searchProductAndVerifyFirstLink()[pri:0, instance:test.SearchProductTest@247bddad]" started-at="2025-08-26T08:56:37 IST" name="searchProductAndVerifyFirstLink" finished-at="2025-08-26T08:56:42 IST" duration-ms="4961" status="PASS">
          <reporter-output>
          </reporter-output>
        </test-method> <!-- searchProductAndVerifyFirstLink -->
        <test-method is-config="true" signature="after(org.testng.ITestResult)[pri:0, instance:test.SearchProductTest@247bddad]" started-at="2025-08-26T08:56:42 IST" name="after" finished-at="2025-08-26T08:56:42 IST" duration-ms="199" status="PASS">
          <params>
            <param index="0">
              <value>
                <![CDATA[[TestResult name=searchProductAndVerifyFirstLink status=SUCCESS method=SearchProductTest.searchProductAndVerifyFirstLink()[pri:0, instance:test.SearchProductTest@247bddad] output={null}]]]>
              </value>
            </param>
          </params>
          <reporter-output>
          </reporter-output>
        </test-method> <!-- after -->
      </class> <!-- test.SearchProductTest -->
      <class name="test.HomepageTest">
        <test-method is-config="true" signature="beforeTest()[pri:0, instance:test.HomepageTest@510f3d34]" started-at="2025-08-26T08:56:28 IST" name="beforeTest" finished-at="2025-08-26T08:56:28 IST" duration-ms="16" status="PASS">
          <reporter-output>
          </reporter-output>
        </test-method> <!-- beforeTest -->
        <test-method is-config="true" signature="before()[pri:0, instance:test.HomepageTest@510f3d34]" started-at="2025-08-26T08:56:28 IST" name="before" finished-at="2025-08-26T08:56:34 IST" duration-ms="5201" status="PASS">
          <reporter-output>
          </reporter-output>
        </test-method> <!-- before -->
        <test-method signature="verifyHomePage()[pri:0, instance:test.HomepageTest@510f3d34]" started-at="2025-08-26T08:56:34 IST" name="verifyHomePage" finished-at="2025-08-26T08:56:34 IST" duration-ms="76" status="PASS">
          <reporter-output>
          </reporter-output>
        </test-method> <!-- verifyHomePage -->
        <test-method is-config="true" signature="after(org.testng.ITestResult)[pri:0, instance:test.HomepageTest@510f3d34]" started-at="2025-08-26T08:56:34 IST" name="after" finished-at="2025-08-26T08:56:34 IST" duration-ms="282" status="PASS">
          <params>
            <param index="0">
              <value>
                <![CDATA[[TestResult name=verifyHomePage status=SUCCESS method=HomepageTest.verifyHomePage()[pri:0, instance:test.HomepageTest@510f3d34] output={null}]]]>
              </value>
            </param>
          </params>
          <reporter-output>
          </reporter-output>
        </test-method> <!-- after -->
        <test-method is-config="true" signature="afterTest()[pri:0, instance:test.HomepageTest@510f3d34]" started-at="2025-08-26T08:57:11 IST" name="afterTest" finished-at="2025-08-26T08:57:11 IST" duration-ms="0" status="PASS">
          <reporter-output>
          </reporter-output>
        </test-method> <!-- afterTest -->
      </class> <!-- test.HomepageTest -->
      <class name="test.SignInPageTest">
        <test-method is-config="true" signature="before()[pri:0, instance:test.SignInPageTest@7770f470]" started-at="2025-08-26T08:56:58 IST" name="before" finished-at="2025-08-26T08:57:01 IST" duration-ms="2391" status="PASS">
          <reporter-output>
          </reporter-output>
        </test-method> <!-- before -->
        <test-method signature="verifySignInPage()[pri:1, instance:test.SignInPageTest@7770f470]" started-at="2025-08-26T08:57:01 IST" name="verifySignInPage" finished-at="2025-08-26T08:57:04 IST" duration-ms="2744" status="PASS">
          <reporter-output>
          </reporter-output>
        </test-method> <!-- verifySignInPage -->
        <test-method is-config="true" signature="after(org.testng.ITestResult)[pri:0, instance:test.SignInPageTest@7770f470]" started-at="2025-08-26T08:57:04 IST" name="after" finished-at="2025-08-26T08:57:04 IST" duration-ms="195" status="PASS">
          <params>
            <param index="0">
              <value>
                <![CDATA[[TestResult name=verifySignInPage status=SUCCESS method=SignInPageTest.verifySignInPage()[pri:1, instance:test.SignInPageTest@7770f470] output={null}]]]>
              </value>
            </param>
          </params>
          <reporter-output>
          </reporter-output>
        </test-method> <!-- after -->
        <test-method is-config="true" signature="before()[pri:0, instance:test.SignInPageTest@7770f470]" started-at="2025-08-26T08:57:04 IST" name="before" finished-at="2025-08-26T08:57:09 IST" duration-ms="5489" status="PASS">
          <reporter-output>
          </reporter-output>
        </test-method> <!-- before -->
        <test-method signature="verifySignInFields()[pri:2, instance:test.SignInPageTest@7770f470]" started-at="2025-08-26T08:57:09 IST" name="verifySignInFields" finished-at="2025-08-26T08:57:10 IST" duration-ms="1023" status="PASS">
          <reporter-output>
          </reporter-output>
        </test-method> <!-- verifySignInFields -->
        <test-method is-config="true" signature="after(org.testng.ITestResult)[pri:0, instance:test.SignInPageTest@7770f470]" started-at="2025-08-26T08:57:10 IST" name="after" finished-at="2025-08-26T08:57:11 IST" duration-ms="313" status="PASS">
          <params>
            <param index="0">
              <value>
                <![CDATA[[TestResult name=verifySignInFields status=SUCCESS method=SignInPageTest.verifySignInFields()[pri:2, instance:test.SignInPageTest@7770f470] output={null}]]]>
              </value>
            </param>
          </params>
          <reporter-output>
          </reporter-output>
        </test-method> <!-- after -->
      </class> <!-- test.SignInPageTest -->
    </test> <!-- Regression Test -->
  </suite> <!-- Regression Test Suite -->
</testng-results>
