<?xml version="1.0" encoding="UTF-8"?>
<!-- Generated by org.testng.reporters.JUnitXMLReporter -->
<testsuite ignored="6" hostname="Rajdeep" failures="0" tests="6" name="Regression Test" time="44.739" errors="0" timestamp="2025-09-23T09:21:52 IST">
  <testcase classname="test.HomepageTest" name="verifyHomePage" time="2.269"/>
  <testcase classname="test.SearchProductTest" name="searchProductAndVerifyFirstLink" time="2.607"/>
  <testcase classname="test.MxPlayerHomepageTest" name="verifyMXPlayerHomepage" time="5.044"/>
  <testcase classname="test.MxPlayerHomepageTest" name="verifyLinks" time="3.626"/>
  <testcase classname="test.SignInPageTest" name="verifySignInPage" time="3.898"/>
  <testcase classname="test.SignInPageTest" name="verifySignInFields" time="2.328"/>
  <testcase classname="test.BaseTest" name="@BeforeTest beforeTest" time="0.0">
    <ignored/>
  </testcase> <!-- @BeforeTest beforeTest -->
  <testcase classname="test.BaseTest" name="@BeforeTest beforeTest" time="0.0">
    <ignored/>
  </testcase> <!-- @BeforeTest beforeTest -->
  <testcase classname="test.BaseTest" name="@AfterTest afterTest" time="0.0">
    <ignored/>
  </testcase> <!-- @AfterTest afterTest -->
  <testcase classname="test.BaseTest" name="@BeforeTest beforeTest" time="0.0">
    <ignored/>
  </testcase> <!-- @BeforeTest beforeTest -->
  <testcase classname="test.BaseTest" name="@AfterTest afterTest" time="0.0">
    <ignored/>
  </testcase> <!-- @AfterTest afterTest -->
  <testcase classname="test.BaseTest" name="@AfterTest afterTest" time="0.0">
    <ignored/>
  </testcase> <!-- @AfterTest afterTest -->
</testsuite> <!-- Regression Test -->
