<?xml version="1.0" encoding="UTF-8"?>
<!-- Generated by org.testng.reporters.JUnitXMLReporter -->
<testsuite ignored="6" hostname="Rajdeep" failures="0" tests="6" name="Regression Test" time="42.283" errors="0" timestamp="2025-08-26T08:57:11 IST">
  <testcase classname="test.HomepageTest" name="verifyHomePage" time="0.076"/>
  <testcase classname="test.SearchProductTest" name="searchProductAndVerifyFirstLink" time="4.961"/>
  <testcase classname="test.MxPlayerHomepageTest" name="verifyMXPlayerHomepage" time="5.217"/>
  <testcase classname="test.MxPlayerHomepageTest" name="verifyLinks" time="3.733"/>
  <testcase classname="test.SignInPageTest" name="verifySignInPage" time="2.744"/>
  <testcase classname="test.SignInPageTest" name="verifySignInFields" time="1.023"/>
  <testcase classname="test.BaseTest" name="@BeforeTest beforeTest" time="0.0">
    <ignored/>
  </testcase> <!-- @BeforeTest beforeTest -->
  <testcase classname="test.BaseTest" name="@BeforeTest beforeTest" time="0.0">
    <ignored/>
  </testcase> <!-- @BeforeTest beforeTest -->
  <testcase classname="test.BaseTest" name="@AfterTest afterTest" time="0.0">
    <ignored/>
  </testcase> <!-- @AfterTest afterTest -->
  <testcase classname="test.BaseTest" name="@BeforeTest beforeTest" time="0.0">
    <ignored/>
  </testcase> <!-- @BeforeTest beforeTest -->
  <testcase classname="test.BaseTest" name="@AfterTest afterTest" time="0.0">
    <ignored/>
  </testcase> <!-- @AfterTest afterTest -->
  <testcase classname="test.BaseTest" name="@AfterTest afterTest" time="0.0">
    <ignored/>
  </testcase> <!-- @AfterTest afterTest -->
</testsuite> <!-- Regression Test -->
